2025-04-21 10:52:14,232 - ERROR - Load Error: Malformed task entry in JSON.
2025-04-21 10:52:19,355 - WARNING - Recovered from corrupted task file.
2025-04-21 10:52:28,495 - INFO - Task added: {'id': 'bcdae36e-adb3-48c9-b58d-3257b080bfc7', 'task': 'test 12', 'status': 'pending', 'created_at': '2025-04-21T10:52:28', 'priority': 'normal'}
2025-04-21 10:52:30,976 - INFO - Task added: {'id': '199714a4-9bd5-431e-b43b-e435359d4fbf', 'task': '2te', 'status': 'pending', 'created_at': '2025-04-21T10:52:30', 'priority': 'normal'}
2025-04-21 10:52:32,666 - INFO - Task added: {'id': '130bc0ec-9349-4826-9348-84956162a306', 'task': 'asdfa', 'status': 'pending', 'created_at': '2025-04-21T10:52:32', 'priority': 'normal'}
2025-04-21 10:52:34,621 - INFO - Task marked done: {'id': '130bc0ec-9349-4826-9348-84956162a306', 'task': 'asdfa', 'status': 'done', 'created_at': '2025-04-21T10:52:32', 'priority': 'normal'}
2025-04-21 10:52:36,400 - INFO - Task marked done: {'id': 'bcdae36e-adb3-48c9-b58d-3257b080bfc7', 'task': 'test 12', 'status': 'done', 'created_at': '2025-04-21T10:52:28', 'priority': 'normal'}
2025-04-21 10:52:38,090 - INFO - Task marked done: {'id': '199714a4-9bd5-431e-b43b-e435359d4fbf', 'task': '2te', 'status': 'done', 'created_at': '2025-04-21T10:52:30', 'priority': 'normal'}
2025-04-21 10:52:45,310 - INFO - Task Ticker closed.
2025-04-21 10:56:38,629 - INFO - Task status updated: {'id': 'bcdae36e-adb3-48c9-b58d-3257b080bfc7', 'task': 'test 12', 'status': 'pending', 'created_at': '2025-04-21T10:52:28', 'priority': 'normal'}
2025-04-21 10:56:40,802 - INFO - Task status updated: {'id': 'bcdae36e-adb3-48c9-b58d-3257b080bfc7', 'task': 'test 12', 'status': 'done', 'created_at': '2025-04-21T10:52:28', 'priority': 'normal'}
2025-04-21 10:56:44,182 - INFO - Task Ticker closed.
2025-04-21 11:00:26,706 - INFO - Task status toggled: {'id': '199714a4-9bd5-431e-b43b-e435359d4fbf', 'task': '2te', 'status': 'pending', 'created_at': '2025-04-21T10:52:30', 'priority': 'normal'}
2025-04-21 11:00:28,347 - INFO - Task status toggled: {'id': '199714a4-9bd5-431e-b43b-e435359d4fbf', 'task': '2te', 'status': 'done', 'created_at': '2025-04-21T10:52:30', 'priority': 'normal'}
2025-04-21 11:00:34,284 - INFO - Task deleted: {'id': '130bc0ec-9349-4826-9348-84956162a306', 'task': 'asdfa', 'status': 'done', 'created_at': '2025-04-21T10:52:32', 'priority': 'normal'}
2025-04-21 11:00:36,886 - INFO - Task Ticker closed.
2025-04-22 07:23:39,187 - INFO - Task Ticker closed.
2025-04-22 07:26:11,391 - ERROR - Load Error: Malformed task entry in JSON.
2025-04-22 07:26:14,335 - WARNING - Recovered from corrupted task file.
2025-04-22 07:26:21,692 - INFO - Task added: {'id': '0a55f012-3b26-410c-954f-ba81b11b87ab', 'task': 'task1', 'group': 'Personal', 'status': 'pending', 'created_at': '2025-04-22T07:26:21', 'priority': 'normal'}
2025-04-22 07:26:40,802 - INFO - Task added: {'id': 'ba7a5678-644d-469b-a8c9-d2d17ee67089', 'task': 'excellent', 'group': 'Private', 'status': 'pending', 'created_at': '2025-04-22T07:26:40', 'priority': 'normal'}
2025-04-22 07:42:59,381 - INFO - Task Ticker closed.
2025-04-22 07:44:10,352 - INFO - Task added: {'id': '3f7448c6-1b65-433b-8688-9d9c34c954ed', 'task': 'Test', 'status': 'pending', 'group': 'Personal', 'due_date': '2025-04-23', 'created_at': '2025-04-22T07:44:10.247990', 'priority': 'normal'}
2025-04-22 07:44:25,940 - INFO - Task Ticker closed.
2025-04-22 07:44:25,950 - INFO - No backup needed.
2025-04-22 07:56:08,939 - INFO - Task added: {'id': '585f2c21-a4bb-4109-a25a-55a406ec5e34', 'task': 'test1', 'status': 'pending', 'group': 'Personal', 'due_date': '2025-04-22', 'created_at': '2025-04-22T07:56:08.852519', 'priority': 'normal'}
2025-04-22 07:56:10,770 - INFO - Task Ticker closed.
2025-04-22 07:56:10,799 - INFO - No backup needed.
2025-04-22 07:56:17,421 - INFO - Task Ticker closed.
2025-04-22 07:56:17,440 - INFO - No backup needed.
2025-04-22 09:04:49,140 - INFO - Task added: {'id': 'dff2baa7-f1cd-4393-8403-a66398c719ea', 'task': '1', 'status': 'pending', 'group': 'Personal', 'due_date': '2025-04-22', 'created_at': '2025-04-22T09:04:49.036301', 'priority': 'normal', 'sequence': 1, 'depends_on': None}
2025-04-22 09:04:51,242 - INFO - Task added: {'id': '1f38b1a4-994c-4067-896b-d55e93bca389', 'task': '2', 'status': 'pending', 'group': 'Personal', 'due_date': '2025-04-22', 'created_at': '2025-04-22T09:04:51.128868', 'priority': 'normal', 'sequence': 2, 'depends_on': None}
2025-04-22 09:04:52,979 - INFO - Task added: {'id': 'd22e1567-86a8-4f07-8fbb-7af6e3976443', 'task': '3', 'status': 'pending', 'group': 'Personal', 'due_date': '2025-04-22', 'created_at': '2025-04-22T09:04:52.734898', 'priority': 'normal', 'sequence': 3, 'depends_on': None}
2025-04-22 09:05:17,421 - INFO - Task added: {'id': '7336151b-3619-445d-83c5-e6b2c99f9d42', 'task': '4', 'status': 'pending', 'group': 'Personal', 'due_date': '2025-04-22', 'created_at': '2025-04-22T09:05:17.238711', 'priority': 'normal', 'sequence': 4, 'depends_on': '1f38b1a4-994c-4067-896b-d55e93bca389'}
2025-04-22 09:05:45,549 - INFO - Task Ticker closed.
2025-04-22 09:52:58,467 - INFO - Starting Task Ticker application...
2025-04-22 09:53:01,684 - INFO - Application closed.
2025-04-22 09:53:01,684 - INFO - Exiting Task Ticker... Uptime: 3.22 seconds
2025-04-22 10:12:29,343 - INFO - Starting Task Ticker application...
2025-04-22 10:12:46,307 - INFO - Application closed.
2025-04-22 10:12:46,307 - INFO - Exiting Task Ticker... Uptime: 16.96 seconds
2025-04-22 10:18:11,180 - INFO - Starting Task Ticker application...
2025-04-22 10:18:29,080 - INFO - Application closed.
2025-04-22 10:18:29,080 - INFO - Exiting Task Ticker... Uptime: 17.90 seconds
2025-04-22 11:20:45,944 - INFO - Starting Task Ticker application...
2025-04-22 11:21:22,375 - INFO - Application closed.
2025-04-22 11:21:22,376 - INFO - Exiting Task Ticker... Uptime: 36.43 seconds
2025-04-23 09:17:59,091 - INFO - Starting Task Ticker application...
2025-04-23 10:01:10,027 - INFO - Application closed.
2025-04-23 10:01:10,027 - INFO - Exiting Task Ticker... Uptime: 2590.94 seconds
2025-04-23 10:02:30,172 - INFO - Starting Task Ticker application...
2025-04-23 10:04:58,486 - INFO - Application closed.
2025-04-23 10:04:58,486 - INFO - Exiting Task Ticker... Uptime: 148.31 seconds
2025-04-23 10:18:29,573 - INFO - Starting Task Ticker application...
2025-04-23 10:18:46,122 - INFO - Application closed.
2025-04-23 10:18:46,122 - INFO - Exiting Task Ticker... Uptime: 16.55 seconds
2025-04-23 10:35:01,650 - INFO - Starting Task Ticker application...
2025-04-23 10:35:09,131 - INFO - Application closed.
2025-04-23 10:35:09,132 - INFO - Exiting Task Ticker... Uptime: 7.48 seconds
2025-04-23 13:32:45,020 - INFO - Starting Task Ticker application...
2025-04-23 13:33:05,146 - INFO - Application closed.
2025-04-23 13:33:05,146 - INFO - Exiting Task Ticker... Uptime: 20.13 seconds
2025-04-23 13:40:02,095 - INFO - Starting Task Ticker application...
2025-04-23 13:40:16,121 - INFO - Application closed.
2025-04-23 13:40:16,121 - INFO - Exiting Task Ticker... Uptime: 14.03 seconds
2025-04-23 13:44:47,600 - INFO - Starting Task Ticker application...
2025-04-23 13:44:50,961 - INFO - [Settings] Settings saved successfully.
2025-04-23 13:44:55,240 - INFO - [Settings] Settings saved successfully.
2025-04-23 13:45:02,520 - INFO - [Settings] Settings saved successfully.
2025-04-23 13:45:06,880 - INFO - Application closed.
2025-04-23 13:45:06,880 - INFO - Exiting Task Ticker... Uptime: 19.28 seconds
2025-04-23 13:45:11,581 - INFO - Starting Task Ticker application...
2025-04-23 13:45:18,976 - INFO - [Settings] Settings saved successfully.
2025-04-23 13:45:35,658 - INFO - [Settings] Settings saved successfully.
2025-04-23 13:45:41,324 - INFO - [Settings] Settings saved successfully.
2025-04-23 13:46:12,125 - INFO - Application closed.
2025-04-23 13:46:12,125 - INFO - Exiting Task Ticker... Uptime: 60.54 seconds
2025-04-23 14:08:21,736 - INFO - Starting Task Ticker application...
2025-04-23 14:08:36,552 - INFO - [Settings] Settings saved successfully.
2025-04-23 14:08:41,478 - INFO - [Settings] Settings saved successfully.
2025-04-23 14:08:50,540 - INFO - [Settings] Settings saved successfully.
2025-04-23 14:08:54,220 - INFO - Application closed.
2025-04-23 14:08:54,220 - INFO - Exiting Task Ticker... Uptime: 32.48 seconds
2025-04-23 14:09:05,997 - INFO - Starting Task Ticker application...
2025-04-23 14:09:15,570 - INFO - Application closed.
2025-04-23 14:09:15,570 - INFO - Exiting Task Ticker... Uptime: 9.57 seconds
2025-04-23 14:47:10,497 - INFO - Starting Task Ticker application...
2025-04-23 14:47:15,748 - INFO - [Settings] Settings saved successfully.
2025-04-23 14:47:43,784 - INFO - Application closed.
2025-04-23 14:47:43,784 - INFO - Exiting Task Ticker... Uptime: 33.29 seconds
2025-04-23 15:01:23,370 - INFO - Starting Task Ticker application...
2025-04-23 15:01:32,598 - INFO - [Settings] Settings saved successfully.
2025-04-23 15:01:50,070 - INFO - Application closed.
2025-04-23 15:01:50,070 - INFO - Exiting Task Ticker... Uptime: 26.70 seconds
2025-04-23 15:34:37,457 - INFO - Starting Task Ticker application...
2025-04-23 15:34:42,013 - INFO - [Settings] Settings saved successfully.
2025-04-23 15:34:46,141 - INFO - [Settings] Settings saved successfully.
2025-04-23 15:34:47,878 - INFO - [Settings] Settings saved successfully.
2025-04-23 15:34:53,741 - INFO - [Settings] Settings saved successfully.
2025-04-23 15:34:59,345 - INFO - Application closed.
2025-04-23 15:34:59,346 - INFO - Exiting Task Ticker... Uptime: 21.89 seconds
2025-04-23 15:35:08,824 - INFO - Starting Task Ticker application...
2025-04-23 15:58:31,066 - INFO - Application closed.
2025-04-23 15:58:31,066 - INFO - Exiting Task Ticker... Uptime: 1402.24 seconds
2025-04-23 15:58:34,686 - INFO - Starting Task Ticker application...
2025-04-23 15:58:38,038 - INFO - [Settings] Settings saved successfully.
2025-04-23 15:58:41,510 - INFO - [Settings] Settings saved successfully.
2025-04-23 15:58:49,377 - INFO - Application closed.
2025-04-23 15:58:49,377 - INFO - Exiting Task Ticker... Uptime: 14.69 seconds
2025-04-23 16:07:02,034 - INFO - Starting Task Ticker application...
2025-04-23 16:07:07,666 - INFO - [Settings] Settings saved successfully.
2025-04-23 16:07:12,587 - INFO - [Settings] Settings saved successfully.
2025-04-23 16:07:24,642 - INFO - Application closed.
2025-04-23 16:07:24,642 - INFO - Exiting Task Ticker... Uptime: 22.61 seconds
2025-04-23 16:10:18,876 - INFO - Starting Task Ticker application...
2025-04-23 16:10:20,908 - INFO - Application closed.
2025-04-23 16:10:20,908 - INFO - Exiting Task Ticker... Uptime: 2.03 seconds
2025-04-23 16:10:23,938 - INFO - Starting Task Ticker application...
2025-04-23 16:11:16,544 - INFO - Application closed.
2025-04-23 16:11:16,545 - INFO - Exiting Task Ticker... Uptime: 52.61 seconds
2025-04-23 16:17:54,482 - INFO - Starting Task Ticker application...
2025-04-23 16:18:00,469 - INFO - [Settings] Settings saved successfully.
2025-04-23 16:18:29,358 - INFO - Application closed.
2025-04-23 16:18:29,358 - INFO - Exiting Task Ticker... Uptime: 34.88 seconds
2025-04-23 16:21:07,119 - INFO - Starting Task Ticker application...
2025-04-23 16:21:19,594 - INFO - Application closed.
2025-04-23 16:21:19,594 - INFO - Exiting Task Ticker... Uptime: 12.47 seconds
2025-04-23 16:22:49,508 - INFO - Starting Task Ticker application...
2025-04-23 16:45:00,222 - INFO - Application closed.
2025-04-23 16:45:00,222 - INFO - Exiting Task Ticker... Uptime: 1330.71 seconds
2025-04-23 16:45:04,674 - INFO - Starting Task Ticker application...
2025-04-23 16:45:14,017 - INFO - Application closed.
2025-04-23 16:45:14,017 - INFO - Exiting Task Ticker... Uptime: 9.34 seconds
2025-04-23 17:42:01,700 - INFO - Starting Task Ticker application...
2025-04-23 17:42:22,387 - INFO - Application closed.
2025-04-23 17:42:22,387 - INFO - Exiting Task Ticker... Uptime: 20.69 seconds
2025-04-23 18:04:59,261 - INFO - Starting Task Ticker application...
2025-04-23 18:05:27,055 - INFO - Application closed.
2025-04-23 18:05:27,055 - INFO - Exiting Task Ticker... Uptime: 27.79 seconds
2025-04-23 18:07:01,890 - INFO - Starting Task Ticker application...
2025-04-23 18:07:47,762 - INFO - [Settings] Settings saved successfully.
2025-04-23 18:08:09,247 - INFO - [Settings] Settings saved successfully.
2025-04-23 18:08:25,096 - INFO - [Settings] Settings saved successfully.
2025-04-23 18:08:32,716 - INFO - Application closed.
2025-04-23 18:08:32,717 - INFO - Exiting Task Ticker... Uptime: 90.83 seconds
2025-04-23 18:13:50,781 - INFO - Starting Task Ticker application...
2025-04-23 18:13:54,353 - INFO - [Settings] Settings saved successfully.
2025-04-23 18:13:59,305 - INFO - [Settings] Settings saved successfully.
2025-04-23 18:14:05,285 - INFO - [Settings] Settings saved successfully.
2025-04-23 18:16:21,172 - INFO - Application closed.
2025-04-23 18:16:21,172 - INFO - Exiting Task Ticker... Uptime: 150.39 seconds
2025-04-23 18:48:33,775 - INFO - Starting Task Ticker application...
2025-04-23 18:48:38,137 - INFO - [Settings] Settings saved successfully.
2025-04-23 18:48:43,263 - INFO - [Settings] Settings saved successfully.
2025-04-23 18:48:48,442 - INFO - [Settings] Settings saved successfully.
2025-04-23 18:48:54,207 - INFO - [Settings] Settings saved successfully.
2025-04-23 18:49:04,695 - INFO - [Settings] Settings saved successfully.
2025-04-23 18:49:09,671 - INFO - [Settings] Settings saved successfully.
2025-04-23 18:49:37,036 - INFO - [Settings] Settings saved successfully.
2025-04-23 18:49:46,109 - INFO - [Settings] Settings saved successfully.
2025-04-23 18:49:59,969 - INFO - [Settings] Settings saved successfully.
2025-04-23 18:50:08,619 - INFO - Application closed.
2025-04-23 18:50:08,619 - INFO - Exiting Task Ticker... Uptime: 94.84 seconds
